h:\c++\ml_assignment_1\ml2015\clean_slate\debug\smart sweepers.pdb
h:\c++\ml_assignment_1\ml2015\clean_slate\debug\vc120.pdb
h:\c++\ml_assignment_1\ml2015\clean_slate\debug\vc120.idb
h:\c++\ml_assignment_1\ml2015\clean_slate\debug\c2dmatrix.obj
h:\c++\ml_assignment_1\ml2015\clean_slate\debug\cbackpropcontroller.obj
h:\c++\ml_assignment_1\ml2015\clean_slate\debug\ccollisionobject.obj
h:\c++\ml_assignment_1\ml2015\clean_slate\debug\ccontcollisionobject.obj
h:\c++\ml_assignment_1\ml2015\clean_slate\debug\ccontcontroller.obj
h:\c++\ml_assignment_1\ml2015\clean_slate\debug\ccontroller.obj
h:\c++\ml_assignment_1\ml2015\clean_slate\debug\ccontminesweeper.obj
h:\c++\ml_assignment_1\ml2015\clean_slate\debug\cdisccollisionobject.obj
h:\c++\ml_assignment_1\ml2015\clean_slate\debug\cdisccontroller.obj
h:\c++\ml_assignment_1\ml2015\clean_slate\debug\cdiscminesweeper.obj
h:\c++\ml_assignment_1\ml2015\clean_slate\debug\cneuralnet.obj
h:\c++\ml_assignment_1\ml2015\clean_slate\debug\cparams.obj
h:\c++\ml_assignment_1\ml2015\clean_slate\debug\cqlearningcontroller.obj
h:\c++\ml_assignment_1\ml2015\clean_slate\debug\ctimer.obj
h:\c++\ml_assignment_1\ml2015\clean_slate\debug\main.obj
h:\c++\ml_assignment_1\ml2015\clean_slate\debug\cminesweeper.obj
h:\c++\ml_assignment_1\ml2015\clean_slate\debug\utils.obj
h:\c++\ml_assignment_1\ml2015\clean_slate\debug\smart sweepers.ilk
h:\c++\ml_assignment_1\ml2015\clean_slate\debug\script1.res
h:\c++\ml_assignment_1\ml2015\clean_slate\.\debug\smart sweepers.exe
h:\c++\ml_assignment_1\ml2015\clean_slate\debug\smart sweepers.tlog\link.write.1.tlog
h:\c++\ml_assignment_1\ml2015\clean_slate\debug\smart sweepers.tlog\cl.read.1.tlog
h:\c++\ml_assignment_1\ml2015\clean_slate\debug\smart sweepers.tlog\rc.command.1.tlog
h:\c++\ml_assignment_1\ml2015\clean_slate\debug\smart sweepers.tlog\cl.write.1.tlog
h:\c++\ml_assignment_1\ml2015\clean_slate\debug\smart sweepers.tlog\rc.read.1.tlog
h:\c++\ml_assignment_1\ml2015\clean_slate\debug\smart sweepers.tlog\rc.write.1.tlog
h:\c++\ml_assignment_1\ml2015\clean_slate\debug\smart sweepers.tlog\cl.command.1.tlog
h:\c++\ml_assignment_1\ml2015\clean_slate\debug\smart sweepers.tlog\link.read.1.tlog
h:\c++\ml_assignment_1\ml2015\clean_slate\debug\smart sweepers.tlog\link.command.1.tlog
